Tue Jul 11 20:29:02 2017
*****************************************
server sent on reference: 5
sending mode: lightReference
timeout, failed to receive.
in buffer: 
runtime: 809308
-----------------------------------------
Reattempting to send request to SLV1. attempt number: 1
server sent on reference: 5
sending mode: lightReference
timeout, failed to receive.
in buffer: 
runtime: 1637737
-----------------------------------------
Reattempting to send request to SLV1. attempt number: 2
server sent on reference: 5
sending mode: lightReference
timeout, failed to receive.
in buffer: 
runtime: 2486360
-----------------------------------------
Reattempting to send request to SLV1. attempt number: 3
server sent on reference: 5
sending mode: lightReference
timeout, failed to receive.
in buffer: 
runtime: 3335146
-----------------------------------------
failed to send request to SLV1 after 4 attempts
runtime: 3335938
-----------------------------------------
*****************************************
Tue Jul 11 20:29:58 2017
*****************************************
server sent on reference: 5
sending mode: lightReference
timeout, failed to receive.
in buffer: 
runtime: 795882
-----------------------------------------
Reattempting to send request to SLV1. attempt number: 1
server sent on reference: 5
sending mode: lightReference
timeout, failed to receive.
in buffer: 
runtime: 1606357
-----------------------------------------
Reattempting to send request to SLV1. attempt number: 2
server sent on reference: 5
sending mode: lightReference
timeout, failed to receive.
in buffer: 
runtime: 2452385
-----------------------------------------
Reattempting to send request to SLV1. attempt number: 3
server sent on reference: 5
sending mode: lightReference
timeout, failed to receive.
in buffer: 
runtime: 3294772
-----------------------------------------
failed to send request to SLV1 after 4 attempts
runtime: 3295573
-----------------------------------------
*****************************************
Tue Jul 11 20:31:14 2017
*****************************************
server sent on reference: 5
sending mode: lightReference
incoming: ACK
received from Arduino ACK
RPi: writing: 5
write_success = 1
runtime: 24361
-----------------------------------------
Tue Jul 11 20:31:24 2017
*****************************************
server sent on reference: 5
sending mode: lightReference
incoming: ACK
received from Arduino ACK
RPi: writing: 5
write_success = 1
runtime: 31363
-----------------------------------------
Tue Jul 11 20:31:41 2017
*****************************************
server sent on reference: 5
sending mode: lightReference
incoming: ACK
received from Arduino ACK
RPi: writing: 5
write_success = 1
runtime: 30012
-----------------------------------------
Tue Jul 11 20:34:21 2017
*****************************************
server sent on reference: 2.5
sending mode: lightReference
incoming: ACK
received from Arduino ACK
RPi: writing: 2.5
write_success = 1
runtime: 26153
-----------------------------------------
Tue Jul 11 20:34:29 2017
*****************************************
server sent on reference: 5
sending mode: lightReference
incoming: ACK
received from Arduino ACK
RPi: writing: 5
write_success = 1
runtime: 24994
-----------------------------------------
Tue Jul 11 20:34:37 2017
*****************************************
server sent on reference: 1.25
sending mode: lightReference
incoming: ACK
received from Arduino ACK
RPi: writing: 1.25
write_success = 1
runtime: 28578
-----------------------------------------
Tue Jul 11 20:34:48 2017
*****************************************
server sent on reference: 5
sending mode: lightReference
incoming: ACK
received from Arduino ACK
RPi: writing: 5
write_success = 1
runtime: 81613
-----------------------------------------
Tue Jul 11 20:34:54 2017
*****************************************
server sent on reference: 0
sending mode: lightReference
incoming: ACK
received from Arduino ACK
RPi: writing: 0
write_success = 1
runtime: 24840
-----------------------------------------
Tue Jul 11 20:39:54 2017
*****************************************
server sent on reference: 0
sending mode: lightReference
incoming: ACK
received from Arduino ACK
RPi: writing: 0
write_success = 1
runtime: 25024
-----------------------------------------
Tue Jul 11 20:40:00 2017
*****************************************
server sent on reference: 5
sending mode: lightReference
incoming: ACK
received from Arduino ACK
RPi: writing: 5
write_success = 1
runtime: 29602
-----------------------------------------
Tue Jul 11 20:40:05 2017
*****************************************
server sent on reference: 2.5
sending mode: lightReference
incoming: ACK
received from Arduino ACK
RPi: writing: 2.5
write_success = 1
runtime: 28604
-----------------------------------------
Tue Jul 11 20:40:11 2017
*****************************************
server sent on reference: 5
sending mode: lightReference
incoming: ACK
received from Arduino ACK
RPi: writing: 5
write_success = 1
runtime: 30689
-----------------------------------------
Tue Jul 11 20:40:17 2017
*****************************************
server sent on reference: 0
sending mode: lightReference
incoming: ACK
received from Arduino ACK
RPi: writing: 0
write_success = 1
runtime: 29487
-----------------------------------------
Tue Jul 11 20:40:24 2017
*****************************************
server sent on reference: 1.25
sending mode: lightReference
incoming: ACK
received from Arduino ACK
RPi: writing: 1.25
write_success = 1
runtime: 105291
-----------------------------------------
Tue Jul 11 20:40:47 2017
*****************************************
server sent on reference: 2.5
sending mode: lightReference
incoming: ACK
received from Arduino ACK
RPi: writing: 2.5
write_success = 1
runtime: 25972
-----------------------------------------
Tue Jul 11 20:41:10 2017
*****************************************
server sent on reference: 1.25
sending mode: lightReference
incoming: ACK
received from Arduino ACK
RPi: writing: 1.25
write_success = 1
runtime: 25193
-----------------------------------------
Tue Jul 11 20:41:16 2017
*****************************************
server sent on reference: 0
sending mode: lightReference
incoming: ACK
received from Arduino ACK
RPi: writing: 0
write_success = 1
runtime: 29861
-----------------------------------------
Tue Jul 11 20:41:23 2017
*****************************************
server sent on reference: 3.75
sending mode: lightReference
incoming: ACK
received from Arduino ACK
RPi: writing: 3.75
write_success = 1
runtime: 34150
-----------------------------------------
Tue Jul 11 20:41:29 2017
*****************************************
server sent on reference: 0
sending mode: lightReference
incoming: ACK
received from Arduino ACK
RPi: writing: 0
write_success = 1
runtime: 31298
-----------------------------------------
Tue Jul 11 20:41:33 2017
*****************************************
server sent on reference: 5
sending mode: lightReference
incoming: ACK
received from Arduino ACK
RPi: writing: 5
write_success = 1
runtime: 29395
-----------------------------------------
Tue Jul 11 20:42:29 2017
*****************************************
server sent on reference: 5
sending mode: lightReference
incoming: ACK
received from Arduino ACK
RPi: writing: 5
write_success = 1
runtime: 25246
-----------------------------------------
Tue Jul 11 20:42:33 2017
*****************************************
server sent on reference: 0
sending mode: lightReference
incoming: ACK
received from Arduino ACK
RPi: writing: 0
write_success = 1
runtime: 158899
-----------------------------------------
Tue Jul 11 20:42:42 2017
*****************************************
server sent on reference: 1.25
sending mode: lightReference
incoming: ACK
received from Arduino ACK
RPi: writing: 1.25
write_success = 1
runtime: 29267
-----------------------------------------
Tue Jul 11 20:42:53 2017
*****************************************
server sent on reference: 3.75
sending mode: lightReference
incoming: ACK
received from Arduino ACK
RPi: writing: 3.75
write_success = 1
runtime: 29528
-----------------------------------------
Tue Jul 11 20:53:45 2017
*****************************************
server sent temperature reference: 15
sending mode: tempReference
incoming: ACK
received from Arduino ACK
RPi: writing: 15
write_success = 1
runtime: 24377
-----------------------------------------
Tue Jul 11 20:54:04 2017
*****************************************
server sent temperature reference: 30
sending mode: tempReference
incoming: ACK
received from Arduino ACK
RPi: writing: 30
write_success = 1
runtime: 96682
-----------------------------------------
Tue Jul 11 20:57:09 2017
*****************************************
server sent temperature reference: 30
sending mode: tempReference
incoming: ACK
received from Arduino ACK
RPi: writing: 30
write_success = 1
runtime: 27389
-----------------------------------------
Tue Jul 11 20:57:16 2017
*****************************************
server sent temperature reference: 0
sending mode: tempReference
incoming: ACK
received from Arduino ACK
RPi: writing: 0
write_success = 1
runtime: 103454
-----------------------------------------
Tue Jul 11 20:57:40 2017
*****************************************
server sent on reference: 3.75
sending mode: lightReference
incoming: ACK
received from Arduino ACK
RPi: writing: 3.75
write_success = 1
runtime: 29759
-----------------------------------------
Tue Jul 11 20:57:44 2017
*****************************************
server sent on reference: 5
sending mode: lightReference
incoming: ACK
received from Arduino ACK
RPi: writing: 5
write_success = 1
runtime: 25271
-----------------------------------------
Tue Jul 11 20:57:47 2017
*****************************************
server sent on reference: 0
sending mode: lightReference
incoming: ACK
received from Arduino ACK
RPi: writing: 0
write_success = 1
runtime: 34312
-----------------------------------------
Tue Jul 11 20:59:32 2017
*****************************************
server sent on reference: 5
sending mode: lightReference
incoming: ACK
received from Arduino ACK
RPi: writing: 5
write_success = 1
runtime: 29669
-----------------------------------------
Tue Jul 11 20:59:41 2017
*****************************************
server sent on reference: -5
sending mode: lightReference
incoming: ACK
received from Arduino ACK
RPi: writing: -5
write_success = 1
runtime: 25380
-----------------------------------------
Tue Jul 11 20:59:48 2017
*****************************************
server sent on reference: 5
sending mode: lightReference
incoming: ACK
received from Arduino ACK
RPi: writing: 5
write_success = 1
runtime: 29645
-----------------------------------------
Tue Jul 11 21:00:43 2017
*****************************************
server sent temperature reference: 10
sending mode: tempReference
incoming: ACK
received from Arduino ACK
RPi: writing: 10
write_success = 1
runtime: 103690
-----------------------------------------
Tue Jul 11 21:01:32 2017
*****************************************
server sent temperature reference: 25
sending mode: tempReference
incoming: ACK
received from Arduino ACK
RPi: writing: 25
write_success = 1
runtime: 26314
-----------------------------------------
Tue Jul 11 21:01:36 2017
*****************************************
server sent temperature reference: 20
sending mode: tempReference
incoming: ACK
received from Arduino ACK
RPi: writing: 20
write_success = 1
runtime: 24456
-----------------------------------------
Tue Jul 11 21:02:58 2017
*****************************************
server sent temperature reference: 10
sending mode: tempReference
incoming: ACK
received from Arduino ACK
RPi: writing: 10
write_success = 1
runtime: 24197
-----------------------------------------
Tue Jul 11 21:03:04 2017
*****************************************
server sent temperature reference: 25
sending mode: tempReference
incoming: ACK
received from Arduino ACK
RPi: writing: 25
write_success = 1
runtime: 24805
-----------------------------------------
Tue Jul 11 21:03:08 2017
*****************************************
server sent temperature reference: 20
sending mode: tempReference
incoming: ACK
received from Arduino ACK
RPi: writing: 20
write_success = 1
runtime: 23907
-----------------------------------------
Tue Jul 11 21:04:30 2017
*****************************************
server sent tv State: 1
sending mode: tvOn
incoming: ACK
runtime: 21861
-----------------------------------------
*****************************************
Tue Jul 11 21:04:34 2017
*****************************************
server sent tv State: 0
sending mode: tvOff
incoming: ACK
runtime: 22827
-----------------------------------------
*****************************************
Tue Jul 11 21:06:10 2017
*****************************************
server sent garage State: 0
sending mode: closeGarageDoor
incoming: ACK
runtime: 5899406
-----------------------------------------
*****************************************
Tue Jul 11 21:06:10 2017
*****************************************
server sent garage State: 0
sending mode: closeGarageDoor
incoming: ACK
runtime: 9489022
-----------------------------------------
*****************************************
Tue Jul 11 21:06:26 2017
*****************************************
server sent garage State: 0
sending mode: closeGarageDoor
incoming: ACK
runtime: 953466
-----------------------------------------
*****************************************
Tue Jul 11 21:06:26 2017
*****************************************
server sent garage State: 0
sending mode: closeGarageDoor
incoming: ACK
runtime: 2900356
-----------------------------------------
*****************************************
Tue Jul 11 21:06:34 2017
*****************************************
server sent garage State: 0
sending mode: closeGarageDoor
incoming: ACK
runtime: 1273025
-----------------------------------------
*****************************************
Tue Jul 11 21:06:34 2017
*****************************************
server sent garage State: 0
sending mode: closeGarageDoor
incoming: ACK
runtime: 1375216
-----------------------------------------
*****************************************
Tue Jul 11 21:08:15 2017
*****************************************
server sent garage State: 0
sending mode: closeGarageDoor
incoming: ACK
runtime: 3944548
-----------------------------------------
*****************************************
Tue Jul 11 21:08:15 2017
*****************************************
server sent garage State: 0
sending mode: closeGarageDoor
incoming: ACK
runtime: 4103356
-----------------------------------------
*****************************************
Tue Jul 11 21:09:21 2017
*****************************************
server sent tv State: 1
sending mode: tvOn
incoming: ACK
runtime: 21654
-----------------------------------------
*****************************************
Tue Jul 11 21:09:36 2017
*****************************************
server sent tv State: 0
sending mode: tvOff
incoming: ACK
runtime: 22636
-----------------------------------------
*****************************************
Tue Jul 11 21:10:28 2017
*****************************************
server sent garage State: 1
sending mode: openGarageDoor
incoming: ACK
runtime: 25602
-----------------------------------------
*****************************************
Tue Jul 11 21:10:28 2017
*****************************************
server sent garage State: 1
sending mode: openGarageDoor
incoming: ACK
runtime: 34871
-----------------------------------------
*****************************************
Tue Jul 11 21:16:36 2017
*****************************************
server sent garage State: 1
sending mode: openGarageDoor
incoming: ACK
runtime: 26196
-----------------------------------------
*****************************************
Tue Jul 11 21:17:24 2017
*****************************************
server sent garage State: 1
sending mode: openGarageDoor
incoming: ACK
runtime: 26486
-----------------------------------------
*****************************************
Tue Jul 11 21:17:53 2017
*****************************************
server sent garage State: 0
sending mode: closeGarageDoor
incoming: ACK
runtime: 5832995
-----------------------------------------
*****************************************
Tue Jul 11 21:18:14 2017
*****************************************
server sent garage State: 1
sending mode: openGarageDoor
incoming: ACK
runtime: 13229641
-----------------------------------------
*****************************************
Tue Jul 11 21:25:02 2017
*****************************************
server sent temperature reference: 10
sending mode: tempReference
incoming: ACK
received from Arduino ACK
RPi: writing: 10
write_success = 1
runtime: 24546
-----------------------------------------
Tue Jul 11 21:25:09 2017
*****************************************
server sent temperature reference: 25
sending mode: tempReference
incoming: ACK
received from Arduino ACK
RPi: writing: 25
write_success = 1
runtime: 24050
-----------------------------------------
Tue Jul 11 21:25:13 2017
*****************************************
server sent temperature reference: 20
sending mode: tempReference
incoming: ACK
received from Arduino ACK
RPi: writing: 20
write_success = 1
runtime: 24422
-----------------------------------------
Tue Jul 11 21:25:19 2017
*****************************************
server sent temperature reference: 19
sending mode: tempReference
incoming: ACK
received from Arduino ACK
RPi: writing: 19
write_success = 1
runtime: 23903
-----------------------------------------
Tue Jul 11 21:25:28 2017
*****************************************
server sent temperature reference: 18
sending mode: tempReference
incoming: ACK
received from Arduino ACK
RPi: writing: 18
write_success = 1
runtime: 24389
-----------------------------------------
Tue Jul 11 21:44:04 2017
*****************************************
server sent on reference: 0.5
sending mode: lightReference
incoming: ACK
received from Arduino ACK
RPi: writing: 0.5
write_success = 1
runtime: 28575
-----------------------------------------
Tue Jul 11 21:54:20 2017
*****************************************
server sent on reference: 1
sending mode: lightReference
incoming: ACK
received from Arduino ACK
RPi: writing: 1
write_success = 1
runtime: 28903
-----------------------------------------
Tue Jul 11 21:55:20 2017
*****************************************
server sent on reference: 1
sending mode: lightReference
incoming: ACK
received from Arduino ACK
RPi: writing: 1
write_success = 1
runtime: 25124
-----------------------------------------
Tue Jul 11 21:56:31 2017
*****************************************
server sent on reference: 1
sending mode: lightReference
incoming: ACK
received from Arduino ACK
RPi: writing: 1
write_success = 1
runtime: 28092
-----------------------------------------
Tue Jul 11 21:57:35 2017
*****************************************
server sent on reference: 1
sending mode: lightReference
incoming: ACK
received from Arduino ACK
RPi: writing: 1
write_success = 1
runtime: 28979
-----------------------------------------
Tue Jul 11 21:58:19 2017
*****************************************
server sent tv State: 1
sending mode: tvOn
incoming: ACK
runtime: 21560
-----------------------------------------
*****************************************
Tue Jul 11 21:58:42 2017
*****************************************
server sent tv State: 1
sending mode: tvOn
failed to send request to arduino
runtime: 60260
-----------------------------------------
Reattempting to send request to SLV1. attempt number: 1
server sent tv State: 1
sending mode: tvOn
failed to send request to arduino
runtime: 102302
-----------------------------------------
Reattempting to send request to SLV1. attempt number: 2
server sent tv State: 1
sending mode: tvOn
failed to send request to arduino
runtime: 144109
-----------------------------------------
Reattempting to send request to SLV1. attempt number: 3
server sent tv State: 1
sending mode: tvOn
failed to send request to arduino
runtime: 190083
-----------------------------------------
failed to send request to SLV1 after 4 attempts
runtime: 190978
-----------------------------------------
*****************************************
Tue Jul 11 21:59:03 2017
*****************************************
server sent tv State: 1
sending mode: tvOn
failed to send request to arduino
runtime: 56504
-----------------------------------------
Reattempting to send request to SLV1. attempt number: 1
server sent tv State: 1
sending mode: tvOn
failed to send request to arduino
runtime: 102075
-----------------------------------------
Reattempting to send request to SLV1. attempt number: 2
server sent tv State: 1
sending mode: tvOn
failed to send request to arduino
runtime: 147120
-----------------------------------------
Reattempting to send request to SLV1. attempt number: 3
server sent tv State: 1
sending mode: tvOn
failed to send request to arduino
runtime: 188459
-----------------------------------------
failed to send request to SLV1 after 4 attempts
runtime: 189414
-----------------------------------------
*****************************************
Tue Jul 11 21:59:09 2017
*****************************************
server sent tv State: 1
sending mode: tvOn
failed to send request to arduino
runtime: 57154
-----------------------------------------
Reattempting to send request to SLV1. attempt number: 1
server sent tv State: 1
sending mode: tvOn
failed to send request to arduino
runtime: 94989
-----------------------------------------
Reattempting to send request to SLV1. attempt number: 2
server sent tv State: 1
sending mode: tvOn
failed to send request to arduino
runtime: 132681
-----------------------------------------
Reattempting to send request to SLV1. attempt number: 3
server sent tv State: 1
sending mode: tvOn
failed to send request to arduino
runtime: 166715
-----------------------------------------
failed to send request to SLV1 after 4 attempts
runtime: 167606
-----------------------------------------
*****************************************
Tue Jul 11 21:59:16 2017
*****************************************
server sent tv State: 1
sending mode: tvOn
timeout, failed to receive.
in buffer: 
runtime: 221967
-----------------------------------------
Reattempting to send request to SLV1. attempt number: 1
server sent tv State: 1
sending mode: tvOn
incoming: ACK
runtime: 225706
-----------------------------------------
*****************************************
Tue Jul 11 21:59:26 2017
*****************************************
server sent tv State: 1
sending mode: tvOn
incoming: ACK
runtime: 24982
-----------------------------------------
*****************************************
Tue Jul 11 22:06:02 2017
*****************************************
server sent tv State: 0
sending mode: tvOff
incoming: ACK
runtime: 21426
-----------------------------------------
*****************************************
Tue Jul 11 22:06:07 2017
*****************************************
server sent tv State: 1
sending mode: tvOn
incoming: ACK
runtime: 21656
-----------------------------------------
*****************************************
Tue Jul 11 22:06:19 2017
*****************************************
server sent tv State: 0
sending mode: tvOff
incoming: ACK
runtime: 27309
-----------------------------------------
*****************************************
Tue Jul 11 22:06:20 2017
*****************************************
server sent tv State: 1
sending mode: tvOn
incoming: ACK
runtime: 21676
-----------------------------------------
*****************************************
Tue Jul 11 22:06:20 2017
*****************************************
server sent tv State: 0
sending mode: tvOff
incoming: ACK
runtime: 21848
-----------------------------------------
*****************************************
Tue Jul 11 22:06:25 2017
*****************************************
server sent tv State: 1
sending mode: tvOn
incoming: ACK
runtime: 29093
-----------------------------------------
*****************************************
Tue Jul 11 22:06:38 2017
*****************************************
server sent tv State: 0
sending mode: tvOff
incoming: ACK
runtime: 21279
-----------------------------------------
*****************************************
Tue Jul 11 22:06:38 2017
*****************************************
server sent tv State: 1
sending mode: tvOn
incoming: ACK
runtime: 22092
-----------------------------------------
*****************************************
Tue Jul 11 22:06:38 2017
*****************************************
server sent tv State: 0
sending mode: tvOff
incoming: ACK
runtime: 22495
-----------------------------------------
*****************************************
Tue Jul 11 22:06:39 2017
*****************************************
server sent tv State: 1
sending mode: tvOn
incoming: ACK
runtime: 21970
-----------------------------------------
*****************************************
Tue Jul 11 22:06:40 2017
*****************************************
server sent tv State: 0
sending mode: tvOff
incoming: ACK
runtime: 22281
-----------------------------------------
*****************************************
Tue Jul 11 22:06:59 2017
*****************************************
server sent tv State: 1
sending mode: tvOn
incoming: ACK
runtime: 267838
-----------------------------------------
*****************************************
Tue Jul 11 22:07:00 2017
*****************************************
server sent tv State: 0
sending mode: tvOff
incoming: ACK
runtime: 23026
-----------------------------------------
*****************************************
Tue Jul 11 22:07:01 2017
*****************************************
server sent tv State: 1
sending mode: tvOn
incoming: ACK
runtime: 22171
-----------------------------------------
*****************************************
Tue Jul 11 22:07:01 2017
*****************************************
server sent tv State: 0
sending mode: tvOff
incoming: ACK
runtime: 169277
-----------------------------------------
*****************************************
Tue Jul 11 22:07:02 2017
*****************************************
server sent tv State: 1
sending mode: tvOn
incoming: ACK
runtime: 21855
-----------------------------------------
*****************************************
Tue Jul 11 22:07:03 2017
*****************************************
server sent tv State: 0
sending mode: tvOff
incoming: ACK
runtime: 23056
-----------------------------------------
*****************************************
Tue Jul 11 22:07:12 2017
*****************************************
server sent tv State: 1
sending mode: tvOn
incoming: ACK
runtime: 22003
-----------------------------------------
*****************************************
Tue Jul 11 22:07:12 2017
*****************************************
server sent tv State: 0
sending mode: tvOff
incoming: ACK
runtime: 22204
-----------------------------------------
*****************************************
Tue Jul 11 22:07:14 2017
*****************************************
server sent tv State: 1
sending mode: tvOn
incoming: ACK
runtime: 22237
-----------------------------------------
*****************************************
Tue Jul 11 22:07:15 2017
*****************************************
server sent tv State: 0
sending mode: tvOff
incoming: ACK
runtime: 22035
-----------------------------------------
*****************************************
Tue Jul 11 22:07:17 2017
*****************************************
server sent tv State: 1
sending mode: tvOn
incoming: ACK
runtime: 21619
-----------------------------------------
*****************************************
Tue Jul 11 22:07:25 2017
*****************************************
server sent tv State: 0
sending mode: tvOff
incoming: ACK
runtime: 22722
-----------------------------------------
*****************************************
Tue Jul 11 22:07:25 2017
*****************************************
server sent tv State: 1
sending mode: tvOn
incoming: ACK
runtime: 21885
-----------------------------------------
*****************************************
Tue Jul 11 22:07:26 2017
*****************************************
server sent tv State: 0
sending mode: tvOff
incoming: ACK
runtime: 21987
-----------------------------------------
*****************************************
Tue Jul 11 22:07:26 2017
*****************************************
server sent tv State: 1
sending mode: tvOn
incoming: ACK
runtime: 23916
-----------------------------------------
*****************************************
Tue Jul 11 22:07:27 2017
*****************************************
server sent tv State: 0
sending mode: tvOff
incoming: ACK
runtime: 22097
-----------------------------------------
*****************************************
Tue Jul 11 22:07:28 2017
*****************************************
server sent tv State: 1
sending mode: tvOn
incoming: ACK
runtime: 21558
-----------------------------------------
*****************************************
Tue Jul 11 22:07:28 2017
*****************************************
server sent tv State: 0
sending mode: tvOff
incoming: ACK
runtime: 22684
-----------------------------------------
*****************************************
Tue Jul 11 22:07:34 2017
*****************************************
server sent tv State: 1
sending mode: tvOn
incoming: ACK
runtime: 28658
-----------------------------------------
*****************************************
Tue Jul 11 22:07:37 2017
*****************************************
server sent tv State: 0
sending mode: tvOff
incoming: ACK
runtime: 103532
-----------------------------------------
*****************************************
Tue Jul 11 22:07:38 2017
*****************************************
server sent tv State: 1
sending mode: tvOn
incoming: ACK
runtime: 21711
-----------------------------------------
*****************************************
Tue Jul 11 22:07:40 2017
*****************************************
server sent tv State: 0
sending mode: tvOff
incoming: ACK
runtime: 21466
-----------------------------------------
*****************************************
Tue Jul 11 22:07:42 2017
*****************************************
server sent tv State: 1
sending mode: tvOn
incoming: ACK
runtime: 22225
-----------------------------------------
*****************************************
Tue Jul 11 22:07:45 2017
*****************************************
server sent tv State: 0
sending mode: tvOff
incoming: ACK
runtime: 21718
-----------------------------------------
*****************************************
Tue Jul 11 22:07:49 2017
*****************************************
server sent tv State: 1
sending mode: tvOn
incoming: ACK
runtime: 251873
-----------------------------------------
*****************************************
Tue Jul 11 22:07:51 2017
*****************************************
server sent tv State: 0
sending mode: tvOff
incoming: ACK
runtime: 25310
-----------------------------------------
*****************************************
Tue Jul 11 22:07:53 2017
*****************************************
server sent tv State: 1
sending mode: tvOn
incoming: ACK
runtime: 22477
-----------------------------------------
*****************************************
Tue Jul 11 22:07:54 2017
*****************************************
server sent tv State: 0
sending mode: tvOff
incoming: ACK
runtime: 22932
-----------------------------------------
*****************************************
Tue Jul 11 22:07:59 2017
*****************************************
server sent garage State: 1
sending mode: openGarageDoor
incoming: ACK
runtime: 25727
-----------------------------------------
*****************************************
Tue Jul 11 22:08:03 2017
*****************************************
server sent garage State: 0
sending mode: closeGarageDoor
timeout, failed to receive.
in buffer: 
runtime: 11281142
-----------------------------------------
Reattempting to send request to SLV1. attempt number: 1
server sent garage State: 0
sending mode: closeGarageDoor
incoming: ACK
runtime: 16948248
-----------------------------------------
*****************************************
Tue Jul 11 22:08:26 2017
*****************************************
server sent on reference: 1
sending mode: lightReference
timeout, failed to receive.
in buffer: 
runtime: 692270
-----------------------------------------
Reattempting to send request to SLV1. attempt number: 1
server sent on reference: 1
sending mode: lightReference
timeout, failed to receive.
in buffer: 
runtime: 1327174
-----------------------------------------
Reattempting to send request to SLV1. attempt number: 2
server sent on reference: 1
sending mode: lightReference
timeout, failed to receive.
in buffer: 
runtime: 1973438
-----------------------------------------
Reattempting to send request to SLV1. attempt number: 3
server sent on reference: 1
sending mode: lightReference
incoming: ACK
received from Arduino ACK
RPi: writing: 1
write_success = 0
runtime: 2521373
-----------------------------------------
Tue Jul 11 22:08:33 2017
*****************************************
server sent on reference: 1
sending mode: lightReference
timeout, failed to receive.
in buffer: 
runtime: 633424
-----------------------------------------
Reattempting to send request to SLV1. attempt number: 1
server sent on reference: 1
sending mode: lightReference
incoming: ACK
received from Arduino ACK
RPi: writing: 1
write_success = 1
runtime: 644058
-----------------------------------------
Tue Jul 11 22:08:35 2017
*****************************************
server sent on reference: 1
sending mode: lightReference
incoming: ACK
received from Arduino ACK
RPi: writing: 1
write_success = 1
runtime: 24982
-----------------------------------------
Tue Jul 11 22:08:36 2017
*****************************************
server sent garage State: 1
sending mode: openGarageDoor
incoming: ACK
runtime: 74802
-----------------------------------------
*****************************************
Tue Jul 11 22:08:37 2017
*****************************************
server sent garage State: 1
sending mode: openGarageDoor
incoming: ACK
runtime: 23425
-----------------------------------------
*****************************************
Tue Jul 11 22:08:55 2017
*****************************************
server sent garage State: 1
sending mode: openGarageDoor
incoming: ACK
runtime: 30536
-----------------------------------------
*****************************************
Tue Jul 11 22:09:07 2017
*****************************************
server sent garage State: 1
sending mode: openGarageDoor
incoming: ACK
runtime: 23901
-----------------------------------------
*****************************************
Tue Jul 11 22:09:07 2017
*****************************************
server sent garage State: 1
sending mode: openGarageDoor
incoming: ACK
runtime: 25828
-----------------------------------------
*****************************************
Tue Jul 11 22:09:08 2017
*****************************************
server sent garage State: 1
sending mode: openGarageDoor
incoming: ACK
runtime: 109061
-----------------------------------------
*****************************************
Tue Jul 11 22:09:09 2017
*****************************************
server sent garage State: 1
sending mode: openGarageDoor
incoming: ACK
runtime: 24438
-----------------------------------------
*****************************************
Tue Jul 11 22:09:10 2017
*****************************************
server sent garage State: 1
sending mode: openGarageDoor
incoming: ACK
runtime: 23649
-----------------------------------------
*****************************************
Tue Jul 11 22:09:11 2017
*****************************************
server sent garage State: 1
sending mode: openGarageDoor
incoming: ACK
runtime: 25168
-----------------------------------------
*****************************************
Tue Jul 11 22:09:21 2017
*****************************************
server sent tv State: 1
sending mode: tvOn
incoming: ACK
runtime: 21077
-----------------------------------------
*****************************************
Tue Jul 11 22:09:22 2017
*****************************************
server sent tv State: 1
sending mode: tvOn
incoming: ACK
runtime: 124597
-----------------------------------------
*****************************************
Tue Jul 11 22:09:23 2017
*****************************************
server sent tv State: 1
sending mode: tvOn
incoming: ACK
runtime: 22211
-----------------------------------------
*****************************************
Tue Jul 11 22:09:24 2017
*****************************************
server sent tv State: 1
sending mode: tvOn
incoming: ACK
runtime: 153733
-----------------------------------------
*****************************************
Tue Jul 11 22:10:33 2017
*****************************************
server sent garage State: 0
sending mode: closeGarageDoor
timeout, failed to receive.
in buffer: 
runtime: 9946303
-----------------------------------------
Reattempting to send request to SLV1. attempt number: 1
server sent garage State: 0
sending mode: closeGarageDoor
timeout, failed to receive.
in buffer: 
runtime: 23239822
-----------------------------------------
Reattempting to send request to SLV1. attempt number: 2
server sent garage State: 0
sending mode: closeGarageDoor
Tue Jul 11 22:11:06 2017
*****************************************
server sent tv State: 0
sending mode: tvOff
incoming: 
unexpected respond: 
runtime: 193167
-----------------------------------------
*****************************************
Tue Jul 11 22:11:07 2017
*****************************************
server sent tv State: 1
sending mode: tvOn
failed to send request to arduino
runtime: 43981
-----------------------------------------
Reattempting to send request to SLV1. attempt number: 1
server sent tv State: 1
sending mode: tvOn
failed to send request to arduino
runtime: 73239
-----------------------------------------
Reattempting to send request to SLV1. attempt number: 2
server sent tv State: 1
sending mode: tvOn
incoming: 
unexpected respond: 
runtime: 25587641
-----------------------------------------
*****************************************
Tue Jul 11 22:11:35 2017
*****************************************
server sent garage State: 1
sending mode: openGarageDoor
Tue Jul 11 22:14:59 2017
*****************************************
server sent garage State: 1
sending mode: openGarageDoor
incoming: ACK
runtime: 23758
-----------------------------------------
*****************************************
Tue Jul 11 22:15:06 2017
*****************************************
server sent garage State: 1
sending mode: openGarageDoor
Tue Jul 11 22:16:35 2017
*****************************************
server sent garage State: 0
sending mode: closeGarageDoor
Tue Jul 11 22:17:23 2017
*****************************************
server sent garage State: 0
sending mode: closeGarageDoor
incoming: ACK
runtime: 2340210
-----------------------------------------
*****************************************
Tue Jul 11 22:17:35 2017
*****************************************
server sent garage State: 0
sending mode: closeGarageDoor
timeout, failed to receive.
in buffer: 
runtime: 13937961
-----------------------------------------
Reattempting to send request to SLV1. attempt number: 1
server sent garage State: 0
sending mode: closeGarageDoor
incoming: ACK
runtime: 22554733
-----------------------------------------
*****************************************
Tue Jul 11 22:23:16 2017
*****************************************
server sent garage State: 0
sending mode: closeGarageDoor
Tue Jul 11 22:25:46 2017
*****************************************
server sent garage State: 0
sending mode: closeGarageDoor
Tue Jul 11 22:27:09 2017
*****************************************
server sent tv State: 1
sending mode: tvOn
incoming: ACK
runtime: 66990
-----------------------------------------
*****************************************
Tue Jul 11 22:27:14 2017
*****************************************
server sent tv State: 0
sending mode: tvOff
incoming: ACK
runtime: 23033
-----------------------------------------
*****************************************
Tue Jul 11 22:27:40 2017
*****************************************
server sent garage State: 1
sending mode: openGarageDoor
incoming: ACK
runtime: 23784
-----------------------------------------
*****************************************
Tue Jul 11 22:28:09 2017
*****************************************
server sent garage State: 1
sending mode: openGarageDoor
incoming: ACK
runtime: 23431
-----------------------------------------
*****************************************
Tue Jul 11 22:28:29 2017
*****************************************
server sent garage State: 0
sending mode: closeGarageDoor
Tue Jul 11 22:30:44 2017
*****************************************
server sent garage State: 1
sending mode: openGarageDoor
incoming: ACK
runtime: 23398
-----------------------------------------
*****************************************
Tue Jul 11 22:30:50 2017
*****************************************
server sent garage State: 1
sending mode: openGarageDoor
Tue Jul 11 22:31:52 2017
*****************************************
server sent garage State: 1
sending mode: openGarageDoor
incoming: ACK
runtime: 30545
-----------------------------------------
*****************************************
Tue Jul 11 22:31:59 2017
*****************************************
server sent garage State: 0
sending mode: closeGarageDoor
Tue Jul 11 22:37:14 2017
*****************************************
server sent tv State: 0
sending mode: tvOff
incoming: ACK
runtime: 22852
-----------------------------------------
*****************************************
Tue Jul 11 22:45:35 2017
*****************************************
server sent garage State: 0
sending mode: closeGarageDoor
timeout, failed to receive.
in buffer: 
runtime: 46736465
-----------------------------------------
Reattempting to send request to SLV1. attempt number: 1
server sent garage State: 0
sending mode: closeGarageDoor
Tue Jul 11 22:53:05 2017
*****************************************
server sent temperature reference: 25
sending mode: tempReference
incoming: ACK
received from Arduino ACK
RPi: writing: 25
write_success = 1
runtime: 28757
-----------------------------------------
Tue Jul 11 22:53:15 2017
*****************************************
server sent tv State: 1
sending mode: tvOn
incoming: ACK
runtime: 22008
-----------------------------------------
*****************************************
Tue Jul 11 22:54:02 2017
*****************************************
server sent on reference: 1
sending mode: lightReference
incoming: ACK
received from Arduino ACK
RPi: writing: 1
write_success = 1
runtime: 29231
-----------------------------------------
Tue Jul 11 22:54:02 2017
*****************************************
server sent temperature reference: 25
sending mode: tempReference
incoming: ACK
received from Arduino ACK
RPi: writing: 25
write_success = 1
runtime: 214671
-----------------------------------------
Tue Jul 11 22:54:03 2017
*****************************************
server sent tv State: 1
sending mode: tvOn
incoming: ACK
runtime: 24725
-----------------------------------------
*****************************************
Tue Jul 11 22:54:09 2017
*****************************************
server sent on reference: 1
sending mode: lightReference
incoming: ACK
received from Arduino ACK
RPi: writing: 1
write_success = 1
runtime: 28321
-----------------------------------------
Tue Jul 11 22:54:10 2017
*****************************************
server sent temperature reference: 25
sending mode: tempReference
incoming: ACK
received from Arduino ACK
RPi: writing: 25
write_success = 1
runtime: 150151
-----------------------------------------
Tue Jul 11 22:54:12 2017
*****************************************
server sent tv State: 1
sending mode: tvOn
incoming: ACK
runtime: 22947
-----------------------------------------
*****************************************
Tue Jul 11 22:54:19 2017
*****************************************
server sent on reference: 1
sending mode: lightReference
incoming: ACK
received from Arduino ACK
RPi: writing: 1
write_success = 1
runtime: 34776
-----------------------------------------
Tue Jul 11 22:54:19 2017
*****************************************
server sent temperature reference: 25
sending mode: tempReference
incoming: ACK
received from Arduino ACK
RPi: writing: 25
write_success = 1
runtime: 24494
-----------------------------------------
Tue Jul 11 22:54:21 2017
*****************************************
server sent tv State: 1
sending mode: tvOn
incoming: ACK
runtime: 21651
-----------------------------------------
*****************************************
Tue Jul 11 22:54:26 2017
*****************************************
server sent on reference: 1
sending mode: lightReference
incoming: ACK
received from Arduino ACK
RPi: writing: 1
write_success = 1
runtime: 271002
-----------------------------------------
Tue Jul 11 22:54:27 2017
*****************************************
server sent temperature reference: 25
sending mode: tempReference
incoming: ACK
received from Arduino ACK
RPi: writing: 25
write_success = 1
runtime: 29034
-----------------------------------------
Tue Jul 11 22:54:28 2017
*****************************************
server sent tv State: 1
sending mode: tvOn
incoming: ACK
runtime: 21482
-----------------------------------------
*****************************************
Tue Jul 11 22:54:53 2017
*****************************************
server sent on reference: 1
sending mode: lightReference
incoming: ACK
received from Arduino ACK
RPi: writing: 1
write_success = 1
runtime: 31182
-----------------------------------------
Tue Jul 11 22:55:00 2017
*****************************************
server sent temperature reference: 25
sending mode: tempReference
incoming: ACK
received from Arduino ACK
RPi: writing: 25
write_success = 1
runtime: 28798
-----------------------------------------
Tue Jul 11 22:55:10 2017
*****************************************
server sent tv State: 1
sending mode: tvOn
incoming: ACK
runtime: 21824
-----------------------------------------
*****************************************
Tue Jul 11 22:56:39 2017
*****************************************
server sent on reference: 1
sending mode: lightReference
incoming: ACK
received from Arduino ACK
RPi: writing: 1
write_success = 1
runtime: 28392
-----------------------------------------
Tue Jul 11 22:56:45 2017
*****************************************
server sent temperature reference: 25
sending mode: tempReference
incoming: ACK
received from Arduino ACK
RPi: writing: 25
write_success = 1
runtime: 24514
-----------------------------------------
Tue Jul 11 22:56:55 2017
*****************************************
server sent tv State: 1
sending mode: tvOn
incoming: ACK
runtime: 112141
-----------------------------------------
*****************************************
Tue Jul 11 22:57:15 2017
*****************************************
server sent on reference: 1
sending mode: lightReference
incoming: ACK
received from Arduino ACK
RPi: writing: 1
write_success = 1
runtime: 30307
-----------------------------------------
Tue Jul 11 22:57:16 2017
*****************************************
server sent temperature reference: 25
sending mode: tempReference
incoming: ACK
received from Arduino ACK
RPi: writing: 25
write_success = 1
runtime: 28266
-----------------------------------------
Tue Jul 11 22:57:17 2017
*****************************************
server sent tv State: 1
sending mode: tvOn
incoming: ACK
runtime: 28995
-----------------------------------------
*****************************************
Tue Jul 11 23:00:17 2017
*****************************************
server sent on reference: 1
sending mode: lightReference
incoming: ACK
received from Arduino ACK
RPi: writing: 1
write_success = 1
runtime: 32058
-----------------------------------------
Tue Jul 11 23:00:24 2017
*****************************************
server sent temperature reference: 25
sending mode: tempReference
incoming: ACK
received from Arduino ACK
RPi: writing: 25
write_success = 1
runtime: 28444
-----------------------------------------
Tue Jul 11 23:00:34 2017
*****************************************
server sent tv State: 1
sending mode: tvOn
incoming: ACK
runtime: 24882
-----------------------------------------
*****************************************
Tue Jul 11 23:04:30 2017
*****************************************
server sent on reference: 10
sending mode: lightReference
incoming: ACK
received from Arduino ACK
RPi: writing: 10
write_success = 1
runtime: 29238
-----------------------------------------
Tue Jul 11 23:05:01 2017
*****************************************
server sent on reference: 1
sending mode: lightReference
incoming: ACK
received from Arduino ACK
RPi: writing: 1
write_success = 1
runtime: 28711
-----------------------------------------
Tue Jul 11 23:05:08 2017
*****************************************
server sent temperature reference: 25
sending mode: tempReference
incoming: ACK
received from Arduino ACK
RPi: writing: 25
write_success = 1
runtime: 28355
-----------------------------------------
Tue Jul 11 23:05:18 2017
*****************************************
server sent tv State: 1
sending mode: tvOn
incoming: ACK
runtime: 24398
-----------------------------------------
*****************************************
Tue Jul 11 23:06:06 2017
*****************************************
server sent on reference: 1
sending mode: lightReference
incoming: ACK
received from Arduino ACK
RPi: writing: 1
write_success = 1
runtime: 28801
-----------------------------------------
Tue Jul 11 23:06:07 2017
*****************************************
server sent temperature reference: 25
sending mode: tempReference
incoming: ACK
received from Arduino ACK
RPi: writing: 25
write_success = 1
runtime: 23863
-----------------------------------------
Tue Jul 11 23:06:08 2017
*****************************************
server sent tv State: 1
sending mode: tvOn
incoming: ACK
runtime: 27258
-----------------------------------------
*****************************************
Tue Jul 11 23:10:11 2017
*****************************************
server sent on reference: 1
sending mode: lightReference
incoming: ACK
received from Arduino ACK
RPi: writing: 1
write_success = 1
runtime: 28860
-----------------------------------------
Tue Jul 11 23:10:11 2017
*****************************************
server sent temperature reference: 25
sending mode: tempReference
incoming: ACK
received from Arduino ACK
RPi: writing: 25
write_success = 1
runtime: 28535
-----------------------------------------
Tue Jul 11 23:10:12 2017
*****************************************
server sent tv State: 1
sending mode: tvOn
incoming: ACK
runtime: 24344
-----------------------------------------
*****************************************
Tue Jul 11 23:20:22 2017
*****************************************
server sent on reference: 1
sending mode: lightReference
incoming: ACK
received from Arduino ACK
RPi: writing: 1
write_success = 1
runtime: 30087
-----------------------------------------
Tue Jul 11 23:20:23 2017
*****************************************
server sent temperature reference: 25
sending mode: tempReference
incoming: ACK
received from Arduino ACK
RPi: writing: 25
write_success = 1
runtime: 23728
-----------------------------------------
Tue Jul 11 23:20:24 2017
*****************************************
server sent tv State: 1
sending mode: tvOn
incoming: ACK
runtime: 30026
-----------------------------------------
*****************************************
Tue Jul 11 23:20:25 2017
*****************************************
server sent on reference: 0.05
sending mode: lightReference
incoming: ACK
received from Arduino ACK
RPi: writing: 0.05
write_success = 1
runtime: 24354
-----------------------------------------
Tue Jul 11 23:24:58 2017
*****************************************
server sent on reference: 1
sending mode: lightReference
incoming: ACK
received from Arduino ACK
RPi: writing: 1
write_success = 1
runtime: 34394
-----------------------------------------
Tue Jul 11 23:24:59 2017
*****************************************
server sent temperature reference: 25
sending mode: tempReference
incoming: ACK
received from Arduino ACK
RPi: writing: 25
write_success = 1
runtime: 30295
-----------------------------------------
Tue Jul 11 23:25:00 2017
*****************************************
server sent tv State: 1
sending mode: tvOn
timeout, failed to receive.
in buffer: 
runtime: 215791
-----------------------------------------
Reattempting to send request to SLV1. attempt number: 1
server sent tv State: 1
sending mode: tvOn
incoming: ACK
runtime: 223303
-----------------------------------------
*****************************************
Tue Jul 11 23:25:02 2017
*****************************************
server sent on reference: 0.05
sending mode: lightReference
incoming: ACK
received from Arduino ACK
RPi: writing: 0.05
write_success = 1
runtime: 24076
-----------------------------------------
Tue Jul 11 23:46:27 2017
*****************************************
server sent on reference: 1
sending mode: lightReference
incoming: ACK
received from Arduino ACK
RPi: writing: 1
write_success = 1
runtime: 28977
-----------------------------------------
Tue Jul 11 23:46:28 2017
*****************************************
server sent temperature reference: 25
sending mode: tempReference
incoming: ACK
received from Arduino ACK
RPi: writing: 25
write_success = 1
runtime: 136020
-----------------------------------------
Tue Jul 11 23:46:30 2017
*****************************************
server sent tv State: 1
sending mode: tvOn
incoming: ACK
runtime: 25874
-----------------------------------------
*****************************************
Tue Jul 11 23:46:30 2017
*****************************************
server sent on reference: 0.05
sending mode: lightReference
incoming: ACK
received from Arduino ACK
RPi: writing: 0.05
write_success = 1
runtime: 24421
-----------------------------------------
Wed Jul 12 00:00:05 2017
*****************************************
server sent on reference: 1
sending mode: lightReference
incoming: ACK
received from Arduino ACK
RPi: writing: 1
write_success = 1
runtime: 98275
-----------------------------------------
Wed Jul 12 00:00:06 2017
*****************************************
server sent temperature reference: 25
sending mode: tempReference
incoming: ACK
received from Arduino ACK
RPi: writing: 25
write_success = 1
runtime: 25665
-----------------------------------------
Wed Jul 12 00:00:07 2017
*****************************************
server sent tv State: 1
sending mode: tvOn
incoming: ACK
runtime: 22279
-----------------------------------------
*****************************************
Wed Jul 12 00:00:08 2017
*****************************************
server sent on reference: 0.05
sending mode: lightReference
incoming: ACK
received from Arduino ACK
RPi: writing: 0.05
write_success = 1
runtime: 27664
-----------------------------------------
Wed Jul 12 00:03:23 2017
*****************************************
server sent on reference: 1
sending mode: lightReference
incoming: ACK
received from Arduino ACK
RPi: writing: 1
write_success = 1
runtime: 28793
-----------------------------------------
Wed Jul 12 00:03:23 2017
*****************************************
server sent temperature reference: 25
sending mode: tempReference
incoming: ACK
received from Arduino ACK
RPi: writing: 25
write_success = 1
runtime: 276653
-----------------------------------------
Wed Jul 12 00:03:24 2017
*****************************************
server sent tv State: 1
sending mode: tvOn
incoming: ACK
runtime: 25004
-----------------------------------------
*****************************************
Wed Jul 12 00:03:25 2017
*****************************************
server sent on reference: 0.05
sending mode: lightReference
incoming: ACK
received from Arduino ACK
RPi: writing: 0.05
write_success = 1
runtime: 45042
-----------------------------------------
Wed Jul 12 00:09:51 2017
*****************************************
server sent on reference: 1
sending mode: lightReference
incoming: ACK
received from Arduino ACK
RPi: writing: 1
write_success = 1
runtime: 25132
-----------------------------------------
Wed Jul 12 00:09:51 2017
*****************************************
server sent temperature reference: 25
sending mode: tempReference
incoming: ACK
received from Arduino ACK
RPi: writing: 25
write_success = 1
runtime: 27803
-----------------------------------------
Wed Jul 12 00:09:53 2017
*****************************************
server sent tv State: 1
sending mode: tvOn
incoming: ACK
runtime: 27621
-----------------------------------------
*****************************************
Wed Jul 12 00:09:53 2017
*****************************************
server sent on reference: 0.05
sending mode: lightReference
incoming: ACK
received from Arduino ACK
RPi: writing: 0.05
write_success = 1
runtime: 27031
-----------------------------------------
Wed Jul 12 00:10:19 2017
*****************************************
server sent on reference: 1
sending mode: lightReference
incoming: ACK
received from Arduino ACK
RPi: writing: 1
write_success = 1
runtime: 30345
-----------------------------------------
Wed Jul 12 00:10:20 2017
*****************************************
server sent temperature reference: 25
sending mode: tempReference
incoming: ACK
received from Arduino ACK
RPi: writing: 25
write_success = 1
runtime: 30327
-----------------------------------------
Wed Jul 12 00:10:21 2017
*****************************************
server sent tv State: 1
sending mode: tvOn
incoming: ACK
runtime: 25228
-----------------------------------------
*****************************************
Wed Jul 12 00:10:22 2017
*****************************************
server sent on reference: 0.05
sending mode: lightReference
incoming: ACK
received from Arduino ACK
RPi: writing: 0.05
write_success = 1
runtime: 246423
-----------------------------------------
Wed Jul 12 00:10:45 2017
*****************************************
server sent on reference: 1
sending mode: lightReference
incoming: ACK
received from Arduino ACK
RPi: writing: 1
write_success = 1
runtime: 28608
-----------------------------------------
Wed Jul 12 00:10:46 2017
*****************************************
server sent temperature reference: 25
sending mode: tempReference
incoming: ACK
received from Arduino ACK
RPi: writing: 25
write_success = 1
runtime: 28875
-----------------------------------------
Wed Jul 12 00:10:47 2017
*****************************************
server sent tv State: 1
sending mode: tvOn
incoming: ACK
runtime: 22750
-----------------------------------------
*****************************************
Wed Jul 12 00:10:47 2017
*****************************************
server sent on reference: 0.05
sending mode: lightReference
incoming: ACK
received from Arduino ACK
RPi: writing: 0.05
write_success = 1
runtime: 23881
-----------------------------------------
Wed Jul 12 00:11:42 2017
*****************************************
server sent on reference: 1
sending mode: lightReference
incoming: ACK
received from Arduino ACK
RPi: writing: 1
write_success = 1
runtime: 28254
-----------------------------------------
Wed Jul 12 00:11:43 2017
*****************************************
server sent temperature reference: 25
sending mode: tempReference
incoming: ACK
received from Arduino ACK
RPi: writing: 25
write_success = 1
runtime: 29586
-----------------------------------------
Wed Jul 12 00:11:44 2017
*****************************************
server sent tv State: 1
sending mode: tvOn
incoming: ACK
runtime: 57164
-----------------------------------------
*****************************************
Wed Jul 12 00:11:45 2017
*****************************************
server sent on reference: 0.05
sending mode: lightReference
incoming: ACK
received from Arduino ACK
RPi: writing: 0.05
write_success = 1
runtime: 27265
-----------------------------------------
Wed Jul 12 00:12:10 2017
*****************************************
server sent on reference: 1
sending mode: lightReference
incoming: ACK
received from Arduino ACK
RPi: writing: 1
write_success = 1
runtime: 29482
-----------------------------------------
Wed Jul 12 00:12:10 2017
*****************************************
server sent temperature reference: 25
sending mode: tempReference
incoming: ACK
received from Arduino ACK
RPi: writing: 25
write_success = 1
runtime: 29023
-----------------------------------------
Wed Jul 12 00:12:11 2017
*****************************************
server sent tv State: 1
sending mode: tvOn
incoming: ACK
runtime: 23596
-----------------------------------------
*****************************************
Wed Jul 12 00:12:12 2017
*****************************************
server sent on reference: 0.05
sending mode: lightReference
incoming: ACK
received from Arduino ACK
RPi: writing: 0.05
write_success = 1
runtime: 29036
-----------------------------------------
Wed Jul 12 00:12:29 2017
*****************************************
server sent on reference: 1
sending mode: lightReference
incoming: ACK
received from Arduino ACK
RPi: writing: 1
write_success = 1
runtime: 28393
-----------------------------------------
Wed Jul 12 00:12:30 2017
*****************************************
server sent temperature reference: 25
sending mode: tempReference
incoming: ACK
received from Arduino ACK
RPi: writing: 25
write_success = 1
runtime: 210345
-----------------------------------------
Wed Jul 12 00:12:31 2017
*****************************************
server sent tv State: 1
sending mode: tvOn
incoming: ACK
runtime: 25861
-----------------------------------------
*****************************************
Wed Jul 12 00:12:32 2017
*****************************************
server sent on reference: 0.05
sending mode: lightReference
incoming: ACK
received from Arduino ACK
RPi: writing: 0.05
write_success = 1
runtime: 31439
-----------------------------------------
Wed Jul 12 00:12:54 2017
*****************************************
server sent on reference: 1
sending mode: lightReference
incoming: ACK
received from Arduino ACK
RPi: writing: 1
write_success = 1
runtime: 295198
-----------------------------------------
Wed Jul 12 00:12:55 2017
*****************************************
server sent temperature reference: 25
sending mode: tempReference
incoming: ACK
received from Arduino ACK
RPi: writing: 25
write_success = 1
runtime: 23935
-----------------------------------------
Wed Jul 12 00:12:56 2017
*****************************************
server sent tv State: 1
sending mode: tvOn
incoming: ACK
runtime: 22887
-----------------------------------------
*****************************************
Wed Jul 12 00:12:57 2017
*****************************************
server sent on reference: 0.05
sending mode: lightReference
incoming: ACK
received from Arduino ACK
RPi: writing: 0.05
write_success = 1
runtime: 27022
-----------------------------------------
Wed Jul 12 00:16:35 2017
*****************************************
server sent on reference: 1
sending mode: lightReference
incoming: ACK
received from Arduino ACK
RPi: writing: 1
write_success = 1
runtime: 32119
-----------------------------------------
Wed Jul 12 00:16:36 2017
*****************************************
server sent temperature reference: 25
sending mode: tempReference
incoming: ACK
received from Arduino ACK
RPi: writing: 25
write_success = 1
runtime: 28397
-----------------------------------------
Wed Jul 12 00:16:37 2017
*****************************************
server sent tv State: 1
sending mode: tvOn
incoming: ACK
runtime: 24978
-----------------------------------------
*****************************************
Wed Jul 12 00:16:37 2017
*****************************************
server sent on reference: 0.05
sending mode: lightReference
incoming: ACK
received from Arduino ACK
RPi: writing: 0.05
write_success = 1
runtime: 32450
-----------------------------------------
Thu Jul 13 12:05:13 2017
*****************************************
server sent on reference: 1
sending mode: lightReference
timeout, failed to receive.
in buffer: 
runtime: 930021
-----------------------------------------
Reattempting to send request to SLV1. attempt number: 1
server sent on reference: 1
sending mode: lightReference
timeout, failed to receive.
in buffer: 
runtime: 1647818
-----------------------------------------
Reattempting to send request to SLV1. attempt number: 2
server sent on reference: 1
sending mode: lightReference
timeout, failed to receive.
in buffer: 
runtime: 2361652
-----------------------------------------
Reattempting to send request to SLV1. attempt number: 3
server sent on reference: 1
sending mode: lightReference
timeout, failed to receive.
in buffer: 
runtime: 3071528
-----------------------------------------
failed to send request to SLV1 after 4 attempts
runtime: 3072345
-----------------------------------------
*****************************************
Thu Jul 13 12:05:21 2017
*****************************************
server sent temperature reference: 25
sending mode: tempReference
timeout, failed to receive.
in buffer: 
runtime: 686846
-----------------------------------------
Reattempting to send request to SLV1. attempt number: 1
server sent temperature reference: 25
sending mode: tempReference
timeout, failed to receive.
in buffer: 
runtime: 1403105
-----------------------------------------
Reattempting to send request to SLV1. attempt number: 2
server sent temperature reference: 25
sending mode: tempReference
timeout, failed to receive.
in buffer: 
runtime: 2058293
-----------------------------------------
Reattempting to send request to SLV1. attempt number: 3
server sent temperature reference: 25
sending mode: tempReference
timeout, failed to receive.
in buffer: 
runtime: 2714191
-----------------------------------------
failed to send request to SLV1 after 4 attempts
runtime: 2714962
-----------------------------------------
*****************************************
Thu Jul 13 12:05:30 2017
*****************************************
server sent tv State: 1
sending mode: tvOn
failed to send request to arduino
runtime: 56347
-----------------------------------------
Reattempting to send request to SLV1. attempt number: 1
server sent tv State: 1
sending mode: tvOn
failed to send request to arduino
runtime: 127560
-----------------------------------------
Reattempting to send request to SLV1. attempt number: 2
server sent tv State: 1
sending mode: tvOn
failed to send request to arduino
runtime: 198992
-----------------------------------------
Reattempting to send request to SLV1. attempt number: 3
server sent tv State: 1
sending mode: tvOn
failed to send request to arduino
runtime: 269828
-----------------------------------------
failed to send request to SLV1 after 4 attempts
runtime: 270775
-----------------------------------------
*****************************************
Thu Jul 13 12:05:35 2017
*****************************************
server sent on reference: 0.05
sending mode: lightReference
incoming: ACK
received from Arduino ACK
RPi: writing: 0.05
write_success = 1
runtime: 23959
-----------------------------------------
Thu Jul 13 12:05:37 2017
*****************************************
server sent garage State: 0
sending mode: closeGarageDoor
failed to send request to arduino
runtime: 88961
-----------------------------------------
Reattempting to send request to SLV1. attempt number: 1
server sent garage State: 0
sending mode: closeGarageDoor
failed to send request to arduino
runtime: 157870
-----------------------------------------
Reattempting to send request to SLV1. attempt number: 2
server sent garage State: 0
sending mode: closeGarageDoor
failed to send request to arduino
runtime: 227697
-----------------------------------------
Reattempting to send request to SLV1. attempt number: 3
server sent garage State: 0
sending mode: closeGarageDoor
failed to send request to arduino
runtime: 295360
-----------------------------------------
failed to send request to SLV1 after 4 attempts
runtime: 296303
-----------------------------------------
*****************************************
Thu Jul 13 12:30:00 2017
*****************************************
server sent on reference: 1
sending mode: lightReference
incoming: ACK
received from Arduino ACK
RPi: writing: 1
write_success = 1
runtime: 30602
-----------------------------------------
Thu Jul 13 12:30:01 2017
*****************************************
server sent temperature reference: 25
sending mode: tempReference
incoming: ACK
received from Arduino ACK
RPi: writing: 25
write_success = 1
runtime: 30163
-----------------------------------------
Thu Jul 13 12:30:02 2017
*****************************************
server sent tv State: 0
sending mode: tvOff
incoming: ACK
runtime: 79138
-----------------------------------------
*****************************************
Thu Jul 13 12:30:03 2017
*****************************************
server sent on reference: 0.05
sending mode: lightReference
incoming: ACK
received from Arduino ACK
RPi: writing: 0.05
write_success = 1
runtime: 25724
-----------------------------------------
Thu Jul 13 12:30:06 2017
*****************************************
server sent garage State: 0
sending mode: closeGarageDoor
incoming: ACK
runtime: 7078462
-----------------------------------------
*****************************************
Thu Jul 13 12:31:17 2017
*****************************************
server sent on reference: 1
sending mode: lightReference
incoming: ACK
received from Arduino ACK
RPi: writing: 1
write_success = 1
runtime: 29213
-----------------------------------------
Thu Jul 13 12:31:17 2017
*****************************************
server sent on reference: 1
sending mode: lightReference
incoming: ACK
received from Arduino ACK
RPi: writing: 1
write_success = 1
runtime: 28371
-----------------------------------------
Thu Jul 13 12:31:18 2017
*****************************************
server sent on reference: 1
sending mode: lightReference
incoming: ACK
received from Arduino ACK
RPi: writing: 1
write_success = 1
runtime: 24473
-----------------------------------------
Thu Jul 13 12:31:19 2017
*****************************************
server sent on reference: 1
sending mode: lightReference
incoming: ACK
received from Arduino ACK
RPi: writing: 1
write_success = 1
runtime: 29523
-----------------------------------------
Thu Jul 13 12:31:25 2017
*****************************************
server sent on reference: 1
sending mode: lightReference
incoming: ACK
received from Arduino ACK
RPi: writing: 1
write_success = 1
runtime: 28725
-----------------------------------------
Thu Jul 13 12:31:29 2017
*****************************************
server sent on reference: 1
sending mode: lightReference
incoming: ACK
received from Arduino ACK
RPi: writing: 1
write_success = 1
runtime: 28670
-----------------------------------------
Thu Jul 13 12:31:57 2017
*****************************************
server sent tv State: 1
sending mode: tvOn
incoming: ACK
runtime: 24554
-----------------------------------------
*****************************************
Thu Jul 13 12:32:10 2017
*****************************************
server sent tv State: 0
sending mode: tvOff
incoming: ACK
runtime: 21766
-----------------------------------------
*****************************************
Thu Jul 13 12:35:05 2017
*****************************************
server sent on reference: 2.65
sending mode: lightReference
incoming: ACK
received from Arduino ACK
RPi: writing: 2.65
write_success = 1
runtime: 30672
-----------------------------------------
Thu Jul 13 12:35:18 2017
*****************************************
server sent on reference: 5
sending mode: lightReference
incoming: ACK
received from Arduino ACK
RPi: writing: 5
write_success = 1
runtime: 29626
-----------------------------------------
Thu Jul 13 12:36:16 2017
*****************************************
server sent on reference: 0.05
sending mode: lightReference
incoming: ACK
received from Arduino ACK
RPi: writing: 0.05
write_success = 1
runtime: 29384
-----------------------------------------
Thu Jul 13 12:36:29 2017
*****************************************
server sent on reference: 5
sending mode: lightReference
incoming: ACK
received from Arduino ACK
RPi: writing: 5
write_success = 1
runtime: 29132
-----------------------------------------
Thu Jul 13 12:47:28 2017
*****************************************
server sent tv State: 1
sending mode: tvOn
incoming: ACK
runtime: 31473
-----------------------------------------
*****************************************
Thu Jul 13 12:47:41 2017
*****************************************
server sent tv State: 0
sending mode: tvOff
incoming: ACK
runtime: 22371
-----------------------------------------
*****************************************
Thu Jul 13 12:49:10 2017
*****************************************
server sent garage State: 1
sending mode: openGarageDoor
incoming: ACK
runtime: 28666
-----------------------------------------
*****************************************
Thu Jul 13 12:49:31 2017
*****************************************
server sent garage State: 0
sending mode: closeGarageDoor
incoming: ACK
runtime: 3508346
-----------------------------------------
*****************************************
Thu Jul 13 12:49:49 2017
*****************************************
server sent garage State: 1
sending mode: openGarageDoor
incoming: ACK
runtime: 12976443
-----------------------------------------
*****************************************
Thu Jul 13 12:50:36 2017
*****************************************
server sent on reference: 2.2
sending mode: lightReference
incoming: ACK
received from Arduino ACK
RPi: writing: 2.2
write_success = 1
runtime: 27654
-----------------------------------------
Fri Jul 14 03:09:58 2017
*****************************************
server sent garage State: 0
sending mode: closeGarageDoor
incoming: ACK
runtime: 17318906
-----------------------------------------
*****************************************
Fri Jul 14 03:10:46 2017
*****************************************
server sent garage State: 1
sending mode: openGarageDoor
incoming: ACK
runtime: 32776
-----------------------------------------
*****************************************
Fri Jul 14 03:11:07 2017
*****************************************
server sent garage State: 1
sending mode: openGarageDoor
incoming: ACK
runtime: 13683679
-----------------------------------------
*****************************************
Fri Jul 14 03:21:40 2017
*****************************************
server sent garage State: 1
sending mode: openGarageDoor
incoming: ACK
runtime: 174775
-----------------------------------------
*****************************************
Fri Jul 14 03:21:50 2017
*****************************************
server sent garage State: 0
sending mode: closeGarageDoor
incoming: ACK
runtime: 27053379
-----------------------------------------
*****************************************
Fri Jul 14 03:23:14 2017
*****************************************
server sent garage State: 0
sending mode: closeGarageDoor
incoming: ACK
runtime: 8847001
-----------------------------------------
*****************************************
Fri Jul 14 03:23:38 2017
*****************************************
server sent garage State: 0
sending mode: closeGarageDoor
incoming: ACK
runtime: 17387995
-----------------------------------------
*****************************************
Fri Jul 14 03:24:53 2017
*****************************************
server sent garage State: 0
sending mode: closeGarageDoor
incoming: ACK
runtime: 5259701
-----------------------------------------
*****************************************
Fri Jul 14 03:29:58 2017
*****************************************
server sent garage State: 0
sending mode: closeGarageDoor
incoming: ACK
runtime: 23774124
-----------------------------------------
*****************************************
Fri Jul 14 03:35:44 2017
*****************************************
server sent garage State: 1
sending mode: openGarageDoor
incoming: ACK
runtime: 12404053
-----------------------------------------
*****************************************
Sun Jul 16 00:16:04 2017
*****************************************
server sent on reference: 3.4
sending mode: lightReference
timeout, failed to receive.
in buffer: 
runtime: 969922
-----------------------------------------
Reattempting to send request to SLV1. attempt number: 1
server sent on reference: 3.4
sending mode: lightReference
timeout, failed to receive.
in buffer: 
runtime: 1696946
-----------------------------------------
Reattempting to send request to SLV1. attempt number: 2
server sent on reference: 3.4
sending mode: lightReference
timeout, failed to receive.
in buffer: 
runtime: 2438096
-----------------------------------------
Reattempting to send request to SLV1. attempt number: 3
server sent on reference: 3.4
sending mode: lightReference
timeout, failed to receive.
in buffer: 
runtime: 3164765
-----------------------------------------
failed to send request to SLV1 after 4 attempts
runtime: 3165607
-----------------------------------------
*****************************************
Sun Jul 16 00:16:14 2017
*****************************************
server sent tv State: 0
sending mode: tvOff
failed to send request to arduino
runtime: 53708
-----------------------------------------
Reattempting to send request to SLV1. attempt number: 1
server sent tv State: 0
sending mode: tvOff
failed to send request to arduino
runtime: 120102
-----------------------------------------
Reattempting to send request to SLV1. attempt number: 2
server sent tv State: 0
sending mode: tvOff
failed to send request to arduino
runtime: 159573
-----------------------------------------
Reattempting to send request to SLV1. attempt number: 3
server sent tv State: 0
sending mode: tvOff
failed to send request to arduino
runtime: 230760
-----------------------------------------
failed to send request to SLV1 after 4 attempts
runtime: 231697
-----------------------------------------
*****************************************
Sun Jul 16 00:16:19 2017
*****************************************
server sent on reference: 3.65
sending mode: lightReference
timeout, failed to receive.
in buffer: 
runtime: 830825
-----------------------------------------
Reattempting to send request to SLV1. attempt number: 1
server sent on reference: 3.65
sending mode: lightReference
timeout, failed to receive.
in buffer: 
runtime: 1567270
-----------------------------------------
Reattempting to send request to SLV1. attempt number: 2
server sent on reference: 3.65
sending mode: lightReference
timeout, failed to receive.
in buffer: 
runtime: 2303139
-----------------------------------------
Reattempting to send request to SLV1. attempt number: 3
server sent on reference: 3.65
sending mode: lightReference
timeout, failed to receive.
in buffer: 
runtime: 3042547
-----------------------------------------
failed to send request to SLV1 after 4 attempts
runtime: 3043396
-----------------------------------------
*****************************************
Sun Jul 16 00:16:31 2017
*****************************************
server sent garage State: 1
sending mode: openGarageDoor
failed to send request to arduino
runtime: 90680
-----------------------------------------
Reattempting to send request to SLV1. attempt number: 1
server sent garage State: 1
sending mode: openGarageDoor
failed to send request to arduino
runtime: 163053
-----------------------------------------
Reattempting to send request to SLV1. attempt number: 2
server sent garage State: 1
sending mode: openGarageDoor
failed to send request to arduino
runtime: 199447
-----------------------------------------
Reattempting to send request to SLV1. attempt number: 3
server sent garage State: 1
sending mode: openGarageDoor
failed to send request to arduino
runtime: 271235
-----------------------------------------
failed to send request to SLV1 after 4 attempts
runtime: 272186
-----------------------------------------
*****************************************
